2020-10-03 11:42:47,830 [Worker-4: Loading available Gradle versions] INFO  o.e.b.c.i.u.g.PublishedGradleVersions - Gradle version information cache is up-to-date. Trying to read.
2020-10-03 12:59:51,085 [Worker-6: Loading available Gradle versions] INFO  o.e.b.c.i.u.g.PublishedGradleVersions - Gradle version information cache is up-to-date. Trying to read.
2020-10-09 20:08:37,805 [Worker-0: Loading available Gradle versions] INFO  o.e.b.c.i.u.g.PublishedGradleVersions - Gradle version information cache is out-of-date. Trying to update.
2020-10-13 22:19:42,598 [Worker-3: Loading available Gradle versions] INFO  o.e.b.c.i.u.g.PublishedGradleVersions - Gradle version information cache is out-of-date. Trying to update.
2020-10-14 21:26:48,176 [Worker-0: Loading available Gradle versions] INFO  o.e.b.c.i.u.g.PublishedGradleVersions - Gradle version information cache is up-to-date. Trying to read.
2020-10-14 22:44:44,226 [Worker-0: Loading available Gradle versions] INFO  o.e.b.c.i.u.g.PublishedGradleVersions - Gradle version information cache is out-of-date. Trying to update.
2020-10-15 08:34:25,653 [Worker-1: Loading available Gradle versions] INFO  o.e.b.c.i.u.g.PublishedGradleVersions - Gradle version information cache is up-to-date. Trying to read.
2020-10-15 22:20:11,714 [Worker-7: Loading available Gradle versions] INFO  o.e.b.c.i.u.g.PublishedGradleVersions - Gradle version information cache is up-to-date. Trying to read.
2020-10-16 20:38:03,734 [Worker-3: Loading available Gradle versions] INFO  o.e.b.c.i.u.g.PublishedGradleVersions - Gradle version information cache is out-of-date. Trying to update.
2020-10-16 21:59:44,463 [Worker-3: Loading available Gradle versions] INFO  o.e.b.c.i.u.g.PublishedGradleVersions - Gradle version information cache is up-to-date. Trying to read.
2020-10-19 20:45:37,163 [Worker-5: Loading available Gradle versions] INFO  o.e.b.c.i.u.g.PublishedGradleVersions - Gradle version information cache is out-of-date. Trying to update.
2020-10-19 22:35:26,556 [Worker-4: Loading available Gradle versions] INFO  o.e.b.c.i.u.g.PublishedGradleVersions - Gradle version information cache is up-to-date. Trying to read.
2020-10-20 07:30:48,109 [Worker-5: Loading available Gradle versions] INFO  o.e.b.c.i.u.g.PublishedGradleVersions - Gradle version information cache is up-to-date. Trying to read.
2020-10-20 07:54:59,672 [Worker-9: Loading available Gradle versions] INFO  o.e.b.c.i.u.g.PublishedGradleVersions - Gradle version information cache is up-to-date. Trying to read.
2020-10-20 19:10:50,776 [Worker-17: Loading available Gradle versions] INFO  o.e.b.c.i.u.g.PublishedGradleVersions - Gradle version information cache is up-to-date. Trying to read.
2020-10-20 22:04:07,014 [Worker-5: Loading available Gradle versions] INFO  o.e.b.c.i.u.g.PublishedGradleVersions - Gradle version information cache is out-of-date. Trying to update.
2020-10-22 22:11:32,878 [Worker-7: Loading available Gradle versions] INFO  o.e.b.c.i.u.g.PublishedGradleVersions - Gradle version information cache is out-of-date. Trying to update.
2020-10-23 22:09:10,150 [Worker-1: Loading available Gradle versions] INFO  o.e.b.c.i.u.g.PublishedGradleVersions - Gradle version information cache is up-to-date. Trying to read.
2020-10-26 18:04:43,749 [Worker-0: Loading available Gradle versions] INFO  o.e.b.c.i.u.g.PublishedGradleVersions - Gradle version information cache is out-of-date. Trying to update.
2020-10-26 18:10:02,795 [Worker-25: Adding files to index...] ERROR o.e.j.i.s.file.ObjectDirectory - C:\Users\Ravi\git\repository\.git\objects\noz7175227938073460.tmp -> C:\Users\Ravi\git\repository\.git\objects\1f\7fd79a8beb76872d8699aa2c5c3acf268a6261: The process cannot access the file because it is being used by another process.

java.nio.file.FileSystemException: C:\Users\Ravi\git\repository\.git\objects\noz7175227938073460.tmp -> C:\Users\Ravi\git\repository\.git\objects\1f\7fd79a8beb76872d8699aa2c5c3acf268a6261: The process cannot access the file because it is being used by another process.

	at java.base/sun.nio.fs.WindowsException.translateToIOException(WindowsException.java:92) ~[na:na]
	at java.base/sun.nio.fs.WindowsException.rethrowAsIOException(WindowsException.java:103) ~[na:na]
	at java.base/sun.nio.fs.WindowsFileCopy.move(WindowsFileCopy.java:309) ~[na:na]
	at java.base/sun.nio.fs.WindowsFileSystemProvider.move(WindowsFileSystemProvider.java:292) ~[na:na]
	at java.base/java.nio.file.Files.move(Files.java:1425) ~[na:na]
	at org.eclipse.jgit.internal.storage.file.ObjectDirectory.tryMove(ObjectDirectory.java:723) ~[na:na]
	at org.eclipse.jgit.internal.storage.file.ObjectDirectory.insertUnpackedObject(ObjectDirectory.java:690) ~[na:na]
	at org.eclipse.jgit.internal.storage.file.ObjectDirectoryInserter.insertOneObject(ObjectDirectoryInserter.java:119) ~[na:na]
	at org.eclipse.jgit.internal.storage.file.ObjectDirectoryInserter.insert(ObjectDirectoryInserter.java:80) ~[na:na]
	at org.eclipse.jgit.internal.storage.file.ObjectDirectoryInserter.insert(ObjectDirectoryInserter.java:107) ~[na:na]
	at org.eclipse.jgit.internal.storage.file.ObjectDirectoryInserter.insert(ObjectDirectoryInserter.java:87) ~[na:na]
	at org.eclipse.jgit.api.AddCommand.call(AddCommand.java:207) ~[na:na]
	at org.eclipse.egit.ui.internal.staging.StagingView$52.run(StagingView.java:3490) ~[na:na]
	at org.eclipse.core.internal.jobs.Worker.run(Worker.java:63) ~[org.eclipse.core.jobs_3.10.800.v20200421-0950.jar:na]
2020-10-26 18:10:20,450 [Worker-25: Adding files to index...] ERROR o.e.j.i.s.file.ObjectDirectory - C:\Users\Ravi\git\repository\.git\objects\noz4746192192712017836.tmp -> C:\Users\Ravi\git\repository\.git\objects\ef\28d2be0e96b2a28fe43571ce77f5b1e534b147: The process cannot access the file because it is being used by another process.

java.nio.file.FileSystemException: C:\Users\Ravi\git\repository\.git\objects\noz4746192192712017836.tmp -> C:\Users\Ravi\git\repository\.git\objects\ef\28d2be0e96b2a28fe43571ce77f5b1e534b147: The process cannot access the file because it is being used by another process.

	at java.base/sun.nio.fs.WindowsException.translateToIOException(WindowsException.java:92) ~[na:na]
	at java.base/sun.nio.fs.WindowsException.rethrowAsIOException(WindowsException.java:103) ~[na:na]
	at java.base/sun.nio.fs.WindowsFileCopy.move(WindowsFileCopy.java:309) ~[na:na]
	at java.base/sun.nio.fs.WindowsFileSystemProvider.move(WindowsFileSystemProvider.java:292) ~[na:na]
	at java.base/java.nio.file.Files.move(Files.java:1425) ~[na:na]
	at org.eclipse.jgit.internal.storage.file.ObjectDirectory.tryMove(ObjectDirectory.java:723) ~[na:na]
	at org.eclipse.jgit.internal.storage.file.ObjectDirectory.insertUnpackedObject(ObjectDirectory.java:690) ~[na:na]
	at org.eclipse.jgit.internal.storage.file.ObjectDirectoryInserter.insertOneObject(ObjectDirectoryInserter.java:119) ~[na:na]
	at org.eclipse.jgit.internal.storage.file.ObjectDirectoryInserter.insert(ObjectDirectoryInserter.java:80) ~[na:na]
	at org.eclipse.jgit.internal.storage.file.ObjectDirectoryInserter.insert(ObjectDirectoryInserter.java:107) ~[na:na]
	at org.eclipse.jgit.internal.storage.file.ObjectDirectoryInserter.insert(ObjectDirectoryInserter.java:87) ~[na:na]
	at org.eclipse.jgit.api.AddCommand.call(AddCommand.java:207) ~[na:na]
	at org.eclipse.egit.ui.internal.staging.StagingView$52.run(StagingView.java:3490) ~[na:na]
	at org.eclipse.core.internal.jobs.Worker.run(Worker.java:63) ~[org.eclipse.core.jobs_3.10.800.v20200421-0950.jar:na]
2020-10-26 18:13:40,781 [Worker-0: Loading available Gradle versions] INFO  o.e.b.c.i.u.g.PublishedGradleVersions - Gradle version information cache is up-to-date. Trying to read.
2020-10-26 18:15:51,688 [Worker-5: Committing changes] ERROR o.e.j.i.s.file.ObjectDirectory - C:\Users\Ravi\git\repository\.git\objects\noz18059355577807674100.tmp -> C:\Users\Ravi\git\repository\.git\objects\0c\7f2b2f68a96a4966b7fd78d7f3deca7e620852: The process cannot access the file because it is being used by another process.

java.nio.file.FileSystemException: C:\Users\Ravi\git\repository\.git\objects\noz18059355577807674100.tmp -> C:\Users\Ravi\git\repository\.git\objects\0c\7f2b2f68a96a4966b7fd78d7f3deca7e620852: The process cannot access the file because it is being used by another process.

	at java.base/sun.nio.fs.WindowsException.translateToIOException(WindowsException.java:92) ~[na:na]
	at java.base/sun.nio.fs.WindowsException.rethrowAsIOException(WindowsException.java:103) ~[na:na]
	at java.base/sun.nio.fs.WindowsFileCopy.move(WindowsFileCopy.java:309) ~[na:na]
	at java.base/sun.nio.fs.WindowsFileSystemProvider.move(WindowsFileSystemProvider.java:292) ~[na:na]
	at java.base/java.nio.file.Files.move(Files.java:1425) ~[na:na]
	at org.eclipse.jgit.internal.storage.file.ObjectDirectory.tryMove(ObjectDirectory.java:723) ~[na:na]
	at org.eclipse.jgit.internal.storage.file.ObjectDirectory.insertUnpackedObject(ObjectDirectory.java:690) ~[na:na]
	at org.eclipse.jgit.internal.storage.file.ObjectDirectoryInserter.insertOneObject(ObjectDirectoryInserter.java:119) ~[na:na]
	at org.eclipse.jgit.internal.storage.file.ObjectDirectoryInserter.insert(ObjectDirectoryInserter.java:80) ~[na:na]
	at org.eclipse.jgit.internal.storage.file.ObjectDirectoryInserter.insert(ObjectDirectoryInserter.java:56) ~[na:na]
	at org.eclipse.jgit.lib.TreeFormatter.insertTo(TreeFormatter.java:284) ~[na:na]
	at org.eclipse.jgit.lib.ObjectInserter.insert(ObjectInserter.java:291) ~[na:na]
	at org.eclipse.jgit.dircache.DirCacheTree.writeTree(DirCacheTree.java:321) ~[na:na]
	at org.eclipse.jgit.dircache.DirCacheTree.computeSize(DirCacheTree.java:344) ~[na:na]
	at org.eclipse.jgit.dircache.DirCacheTree.writeTree(DirCacheTree.java:298) ~[na:na]
	at org.eclipse.jgit.dircache.DirCacheTree.computeSize(DirCacheTree.java:344) ~[na:na]
	at org.eclipse.jgit.dircache.DirCacheTree.writeTree(DirCacheTree.java:298) ~[na:na]
	at org.eclipse.jgit.dircache.DirCacheTree.computeSize(DirCacheTree.java:344) ~[na:na]
	at org.eclipse.jgit.dircache.DirCacheTree.writeTree(DirCacheTree.java:298) ~[na:na]
	at org.eclipse.jgit.dircache.DirCache.writeTree(DirCache.java:925) ~[na:na]
	at org.eclipse.jgit.api.CommitCommand.call(CommitCommand.java:221) ~[na:na]
	at org.eclipse.egit.core.op.CommitOperation.commit(CommitOperation.java:255) ~[na:na]
	at org.eclipse.egit.core.op.CommitOperation.access$5(CommitOperation.java:245) ~[na:na]
	at org.eclipse.egit.core.op.CommitOperation$1.run(CommitOperation.java:207) ~[na:na]
	at org.eclipse.core.internal.resources.Workspace.run(Workspace.java:2292) ~[na:na]
	at org.eclipse.core.internal.resources.Workspace.run(Workspace.java:2317) ~[na:na]
	at org.eclipse.egit.core.op.CommitOperation.execute(CommitOperation.java:216) ~[na:na]
	at org.eclipse.egit.ui.internal.commit.CommitJob.run(CommitJob.java:98) ~[na:na]
	at org.eclipse.core.internal.jobs.Worker.run(Worker.java:63) ~[org.eclipse.core.jobs_3.10.800.v20200421-0950.jar:na]
2020-10-26 19:26:38,495 [Worker-4: Loading available Gradle versions] INFO  o.e.b.c.i.u.g.PublishedGradleVersions - Gradle version information cache is up-to-date. Trying to read.
